<?xml version="1.0" encoding="UTF-8"?>
<!-- Generated by org.testng.reporters.JUnitXMLReporter -->
<testsuite ignored="0" hostname="DESKTOP-AI0QSET" failures="0" tests="2" name="Test-1" time="47.494" errors="0" timestamp="2024-10-26T11:51:52 IST">
  <testcase classname="com.crm.comcast.orgtest.CreateOrgTest" name="createContactWithPhoneNumber" time="11.365"/>
  <testcase classname="com.crm.comcast.orgtest.CreateOrgTest" name="createOrgTest" time="10.71"/>
</testsuite> <!-- Test-1 -->
