<?xml version="1.0" encoding="UTF-8"?>
<!-- Generated by org.testng.reporters.JUnitXMLReporter -->
<testsuite ignored="0" hostname="DESKTOP-AI0QSET" failures="0" tests="3" name="Test-2" time="72.112" errors="0" timestamp="2024-10-26T11:52:17 IST">
  <testcase classname="com.crm.comcast.contacttest.CreateContactTest" name="createContact" time="10.677"/>
  <testcase classname="com.crm.comcast.contacttest.CreateContactTest" name="createContactWithOrgTest" time="21.092"/>
  <testcase classname="com.crm.comcast.contacttest.CreateContactTest" name="createContactWithsupportDate" time="10.932"/>
</testsuite> <!-- Test-2 -->
