<?xml version="1.0" encoding="UTF-8"?>
<!-- Generated by org.testng.reporters.JUnitReportReporter -->
<testsuite hostname="DESKTOP-AI0QSET" failures="0" tests="3" name="practice.testng.CreateContact_DP_Test" time="0.016" errors="0" timestamp="2024-10-09T15:11:50 IST" skipped="0">
  <testcase classname="practice.testng.CreateContact_DP_Test" name="createContactTest" time="0.001"/>
  <system-out/>
  <testcase classname="practice.testng.CreateContact_DP_Test" name="createContactTest" time="0.013"/>
  <system-out/>
  <testcase classname="practice.testng.CreateContact_DP_Test" name="createContactTest" time="0.002"/>
  <system-out/>
</testsuite> <!-- practice.testng.CreateContact_DP_Test -->
