<?xml version="1.0" encoding="UTF-8"?>
<!-- Generated by org.testng.reporters.JUnitReportReporter -->
<testsuite hostname="DESKTOP-AI0QSET" failures="0" tests="1" name="practice.test.InvoiceTest" time="0.009" errors="0" timestamp="2024-10-28T18:05:33 IST" skipped="0">
  <testcase classname="practice.test.InvoiceTest" name="createInvoiceTest" time="0.009"/>
  <system-out/>
</testsuite> <!-- practice.test.InvoiceTest -->
