<?xml version="1.0" encoding="UTF-8"?>
<!-- Generated by org.testng.reporters.JUnitReportReporter -->
<testsuite hostname="DESKTOP-AI0QSET" failures="0" tests="11" name="practice.testng.OrderTest3" time="0.026" errors="0" timestamp="2024-10-09T13:24:40 IST" skipped="1">
  <testcase classname="practice.testng.OrderTest3" name="createOrderTest" time="0.002"/>
  <system-out/>
  <testcase classname="practice.testng.OrderTest3" name="createOrderTest" time="0.001"/>
  <system-out/>
  <testcase classname="practice.testng.OrderTest3" name="createOrderTest" time="0.002"/>
  <system-out/>
  <testcase classname="practice.testng.OrderTest3" name="createOrderTest" time="0.001"/>
  <system-out/>
  <testcase classname="practice.testng.OrderTest3" name="createOrderTest" time="0.013"/>
  <system-out/>
  <testcase classname="practice.testng.OrderTest3" name="createOrderTest" time="0.002"/>
  <system-out/>
  <testcase classname="practice.testng.OrderTest3" name="createOrderTest" time="0.001"/>
  <system-out/>
  <testcase classname="practice.testng.OrderTest3" name="createOrderTest" time="0.001"/>
  <system-out/>
  <testcase classname="practice.testng.OrderTest3" name="createOrderTest" time="0.002"/>
  <system-out/>
  <testcase classname="practice.testng.OrderTest3" name="createOrderTest" time="0.001"/>
  <system-out/>
  <testcase classname="practice.testng.OrderTest3" name="billingAnOrderTest">
    <skipped/>
  </testcase> <!-- billingAnOrderTest -->
  <system-out/>
</testsuite> <!-- practice.testng.OrderTest3 -->
