<?xml version="1.0" encoding="UTF-8"?>
<!-- Generated by org.testng.reporters.JUnitReportReporter -->
<testsuite hostname="DESKTOP-AI0QSET" failures="0" tests="2" name="practice.testng.SampleTest" time="0.018" errors="0" timestamp="2024-10-08T18:10:45 IST" skipped="0">
  <testcase classname="practice.testng.SampleTest" name="createContactWithMobileNumberTest" time="0.003"/>
  <system-out/>
  <testcase classname="practice.testng.SampleTest" name="createContactTest" time="0.015"/>
  <system-out/>
</testsuite> <!-- practice.testng.SampleTest -->
