<?xml version="1.0" encoding="UTF-8"?>
<!-- Generated by org.testng.reporters.JUnitReportReporter -->
<testsuite hostname="DESKTOP-AI0QSET" failures="0" tests="1" name="com.crm.comcast.contacttest.CreateContactTest" time="14.757" errors="0" timestamp="2024-10-28T13:24:13 IST" skipped="0">
  <testcase classname="com.crm.comcast.contacttest.CreateContactTest" name="createContact" time="14.757"/>
  <system-out/>
</testsuite> <!-- com.crm.comcast.contacttest.CreateContactTest -->
