<?xml version="1.0" encoding="UTF-8"?>
<!-- Generated by org.testng.reporters.JUnitReportReporter -->
<testsuite hostname="DESKTOP-AI0QSET" failures="0" tests="1" name="com.comcast.crm.contacttest.CreateContactTest2" time="19.889" errors="0" timestamp="2024-10-24T10:30:33 IST" skipped="0">
  <testcase classname="com.comcast.crm.contacttest.CreateContactTest2" name="createContactTest" time="19.889"/>
  <system-out/>
</testsuite> <!-- com.comcast.crm.contacttest.CreateContactTest2 -->
