<?xml version="1.0" encoding="UTF-8"?>
<!-- Generated by org.testng.reporters.JUnitReportReporter -->
<testsuite hostname="DESKTOP-AI0QSET" failures="0" tests="2" name="practice.testng.ContactTest2" time="0.012" errors="0" timestamp="2024-10-09T13:16:25 IST" skipped="0">
  <testcase classname="practice.testng.ContactTest2" name="createContactTest" time="0.011"/>
  <system-out/>
  <testcase classname="practice.testng.ContactTest2" name="modifyContactTest" time="0.001"/>
  <system-out/>
</testsuite> <!-- practice.testng.ContactTest2 -->
