<?xml version="1.0" encoding="UTF-8"?>
<!-- Generated by org.testng.reporters.JUnitReportReporter -->
<testsuite hostname="DESKTOP-AI0QSET" failures="0" tests="3" name="practice.testng.CreatecontactTest" time="0.010" errors="0" timestamp="2024-10-08T18:19:44 IST" skipped="0">
  <testcase classname="practice.testng.CreatecontactTest" name="navigateTocontactTest" time="0.000"/>
  <system-out/>
  <testcase classname="practice.testng.CreatecontactTest" name="createcontactTest" time="0.009"/>
  <system-out/>
  <testcase classname="practice.testng.CreatecontactTest" name="login" time="0.001"/>
  <system-out/>
</testsuite> <!-- practice.testng.CreatecontactTest -->
