<?xml version="1.0" encoding="UTF-8"?>
<!-- Generated by org.testng.reporters.JUnitReportReporter -->
<testsuite hostname="DESKTOP-AI0QSET" failures="0" tests="1" name="com.crm.comcast.orgtest.CreateOrgTest" time="15.794" errors="0" timestamp="2024-11-04T17:34:22 IST" skipped="0">
  <testcase classname="com.crm.comcast.orgtest.CreateOrgTest" name="createOrgTest" time="15.794"/>
  <system-out/>
</testsuite> <!-- com.crm.comcast.orgtest.CreateOrgTest -->
