<?xml version="1.0" encoding="UTF-8"?>
<!-- Generated by org.testng.reporters.JUnitReportReporter -->
<testsuite hostname="DESKTOP-AI0QSET" failures="0" tests="3" name="practice.testng.ContactTest" time="0.020" errors="0" timestamp="2024-10-09T11:28:24 IST" skipped="0">
  <testcase classname="practice.testng.ContactTest" name="createContact" time="0.018"/>
  <system-out/>
  <testcase classname="practice.testng.ContactTest" name="modifyContactTest" time="0.001"/>
  <system-out/>
  <testcase classname="practice.testng.ContactTest" name="deleteContactTest" time="0.001"/>
  <system-out/>
</testsuite> <!-- practice.testng.ContactTest -->
